Use of uninitialized value $bt2_args[4] in join or string at /home/u32/corykeith/tools/bowtie2-2.4.1-linux-x86_64/bowtie2 line 423.
Use of uninitialized value $bt2_args[5] in join or string at /home/u32/corykeith/tools/bowtie2-2.4.1-linux-x86_64/bowtie2 line 423.
Use of uninitialized value in exists at /home/u32/corykeith/tools/bowtie2-2.4.1-linux-x86_64/bowtie2 line 81.
Use of uninitialized value in exists at /home/u32/corykeith/tools/bowtie2-2.4.1-linux-x86_64/bowtie2 line 81.
Use of uninitialized value $bt2_args[4] in join or string at /home/u32/corykeith/tools/bowtie2-2.4.1-linux-x86_64/bowtie2 line 459.
Use of uninitialized value $bt2_args[5] in join or string at /home/u32/corykeith/tools/bowtie2-2.4.1-linux-x86_64/bowtie2 line 459.
72081 reads; of these:
  72081 (100.00%) were paired; of these:
    49118 (68.14%) aligned concordantly 0 times
    22878 (31.74%) aligned concordantly exactly 1 time
    85 (0.12%) aligned concordantly >1 times
    ----
    49118 pairs aligned concordantly 0 times; of these:
      4316 (8.79%) aligned discordantly 1 time
    ----
    44802 pairs aligned 0 times concordantly or discordantly; of these:
      89604 mates make up the pairs; of these:
        80653 (90.01%) aligned 0 times
        7214 (8.05%) aligned exactly 1 time
        1737 (1.94%) aligned >1 times
44.05% overall alignment rate
