Use of uninitialized value $bt2_args[4] in join or string at /home/u32/corykeith/tools/bowtie2-2.4.1-linux-x86_64/bowtie2 line 423.
Use of uninitialized value $bt2_args[5] in join or string at /home/u32/corykeith/tools/bowtie2-2.4.1-linux-x86_64/bowtie2 line 423.
Use of uninitialized value in exists at /home/u32/corykeith/tools/bowtie2-2.4.1-linux-x86_64/bowtie2 line 81.
Use of uninitialized value in exists at /home/u32/corykeith/tools/bowtie2-2.4.1-linux-x86_64/bowtie2 line 81.
Use of uninitialized value $bt2_args[4] in join or string at /home/u32/corykeith/tools/bowtie2-2.4.1-linux-x86_64/bowtie2 line 459.
Use of uninitialized value $bt2_args[5] in join or string at /home/u32/corykeith/tools/bowtie2-2.4.1-linux-x86_64/bowtie2 line 459.
722898 reads; of these:
  722898 (100.00%) were paired; of these:
    384818 (53.23%) aligned concordantly 0 times
    336469 (46.54%) aligned concordantly exactly 1 time
    1611 (0.22%) aligned concordantly >1 times
    ----
    384818 pairs aligned concordantly 0 times; of these:
      46847 (12.17%) aligned discordantly 1 time
    ----
    337971 pairs aligned 0 times concordantly or discordantly; of these:
      675942 mates make up the pairs; of these:
        572861 (84.75%) aligned 0 times
        83188 (12.31%) aligned exactly 1 time
        19893 (2.94%) aligned >1 times
60.38% overall alignment rate
