Use of uninitialized value $bt2_args[4] in join or string at /home/u32/corykeith/tools/bowtie2-2.4.1-linux-x86_64/bowtie2 line 423.
Use of uninitialized value $bt2_args[5] in join or string at /home/u32/corykeith/tools/bowtie2-2.4.1-linux-x86_64/bowtie2 line 423.
Use of uninitialized value in exists at /home/u32/corykeith/tools/bowtie2-2.4.1-linux-x86_64/bowtie2 line 81.
Use of uninitialized value in exists at /home/u32/corykeith/tools/bowtie2-2.4.1-linux-x86_64/bowtie2 line 81.
Use of uninitialized value $bt2_args[4] in join or string at /home/u32/corykeith/tools/bowtie2-2.4.1-linux-x86_64/bowtie2 line 459.
Use of uninitialized value $bt2_args[5] in join or string at /home/u32/corykeith/tools/bowtie2-2.4.1-linux-x86_64/bowtie2 line 459.
65726 reads; of these:
  65726 (100.00%) were paired; of these:
    32280 (49.11%) aligned concordantly 0 times
    33411 (50.83%) aligned concordantly exactly 1 time
    35 (0.05%) aligned concordantly >1 times
    ----
    32280 pairs aligned concordantly 0 times; of these:
      7182 (22.25%) aligned discordantly 1 time
    ----
    25098 pairs aligned 0 times concordantly or discordantly; of these:
      50196 mates make up the pairs; of these:
        47442 (94.51%) aligned 0 times
        2016 (4.02%) aligned exactly 1 time
        738 (1.47%) aligned >1 times
63.91% overall alignment rate
